\\madrid.eng.biu.ac.il\e2015\leviela1\my documents\visual studio 2013\projects\ran3\ran3\debug\vc120.pdb
\\madrid.eng.biu.ac.il\e2015\leviela1\my documents\visual studio 2013\projects\ran3\ran3\debug\vc120.idb
\\madrid.eng.biu.ac.il\e2015\leviela1\my documents\visual studio 2013\projects\ran3\ran3\debug\block.obj
\\madrid.eng.biu.ac.il\e2015\leviela1\my documents\visual studio 2013\projects\ran3\ran3\debug\channel.obj
\\madrid.eng.biu.ac.il\e2015\leviela1\my documents\visual studio 2013\projects\ran3\ran3\debug\main.obj
\\madrid.eng.biu.ac.il\e2015\leviela1\my documents\visual studio 2013\projects\ran3\ran3\debug\party.obj
\\madrid.eng.biu.ac.il\e2015\shoobam\desktop\ran3\ran3\debug\vc120.pdb
\\madrid.eng.biu.ac.il\e2015\shoobam\desktop\ran3\ran3\debug\vc120.idb
\\madrid.eng.biu.ac.il\e2015\shoobam\desktop\ran3\ran3\debug\block.obj
\\madrid.eng.biu.ac.il\e2015\shoobam\desktop\ran3\ran3\debug\channel.obj
\\madrid.eng.biu.ac.il\e2015\shoobam\desktop\ran3\ran3\debug\main.obj
\\madrid.eng.biu.ac.il\e2015\shoobam\desktop\ran3\ran3\debug\party.obj
\\madrid.eng.biu.ac.il\e2015\shoobam\desktop\ran3\debug\ran3.ilk
\\madrid.eng.biu.ac.il\e2015\shoobam\desktop\ran3\debug\ran3.exe
\\madrid.eng.biu.ac.il\e2015\shoobam\desktop\ran3\debug\ran3.pdb
\\madrid.eng.biu.ac.il\e2015\shoobam\desktop\ran3\ran3\debug\ran3.tlog\cl.read.1.tlog
\\madrid.eng.biu.ac.il\e2015\shoobam\desktop\ran3\ran3\debug\ran3.tlog\cl.write.1.tlog
\\madrid.eng.biu.ac.il\e2015\shoobam\desktop\ran3\ran3\debug\ran3.tlog\cl.command.1.tlog
\\madrid.eng.biu.ac.il\e2015\shoobam\desktop\ran3\ran3\debug\ran3.tlog\link.command.1.tlog
\\madrid.eng.biu.ac.il\e2015\shoobam\desktop\ran3\ran3\debug\ran3.tlog\link.read.1.tlog
\\madrid.eng.biu.ac.il\e2015\shoobam\desktop\ran3\ran3\debug\ran3.tlog\link.write.1.tlog
